<?xml version="1.0" encoding="UTF-8"?>
<testsuite name="com.amaap.merchantguide.controller.IntergalacticUnitControllerTest" tests="1" skipped="0" failures="0" errors="0" timestamp="2024-04-15T16:57:14" hostname="DESKTOP-GUO1275" time="0.03">
  <properties/>
  <testcase name="shouldBeAbleToReturnResponseAsOKIfAddsIntergalacticUnit()" classname="com.amaap.merchantguide.controller.IntergalacticUnitControllerTest" time="0.03"/>
  <system-out><![CDATA[]]></system-out>
  <system-err><![CDATA[]]></system-err>
</testsuite>
