<?xml version="1.0" encoding="UTF-8"?>
<testsuite name="com.amaap.merchantguide.domain.service.io.reader.extractor.IntergalacticUnitExtractorTest" tests="1" skipped="0" failures="0" errors="0" timestamp="2024-04-15T13:20:01" hostname="DESKTOP-GUO1275" time="0.039">
  <properties/>
  <testcase name="shouldBeAbleToReturnIntergalacticUnitObjectByExtractingItFromInputLine()" classname="com.amaap.merchantguide.domain.service.io.reader.extractor.IntergalacticUnitExtractorTest" time="0.039"/>
  <system-out><![CDATA[]]></system-out>
  <system-err><![CDATA[]]></system-err>
</testsuite>
