<?xml version="1.0" encoding="UTF-8"?>
<testsuite name="com.amaap.merchantguide.repository.db.impl.FakeInMemoryDatabaseTest" tests="1" skipped="0" failures="0" errors="0" timestamp="2024-04-15T18:09:06" hostname="DESKTOP-GUO1275" time="0.03">
  <properties/>
  <testcase name="shouldBeAbleToAddIntergalacticUnit()" classname="com.amaap.merchantguide.repository.db.impl.FakeInMemoryDatabaseTest" time="0.03"/>
  <system-out><![CDATA[]]></system-out>
  <system-err><![CDATA[]]></system-err>
</testsuite>
