<?xml version="1.0" encoding="UTF-8"?>
<testsuite name="com.amaap.merchantguide.domain.model.entity.validator.IntergalacticUnitValidatorTest" tests="1" skipped="0" failures="0" errors="0" timestamp="2024-04-15T18:38:24" hostname="DESKTOP-GUO1275" time="0.103">
  <properties/>
  <testcase name="shouldBeAbleReturnTrueIfTheIntergalacticUnitIsValid()" classname="com.amaap.merchantguide.domain.model.entity.validator.IntergalacticUnitValidatorTest" time="0.103"/>
  <system-out><![CDATA[]]></system-out>
  <system-err><![CDATA[]]></system-err>
</testsuite>
